<?xml version="1.0" encoding="UTF-8"?>
<testsuite name="se.nackademin.librarytest.SelenideTest" time="41.078" tests="2" errors="0" skipped="0" failures="1">
  <properties>
    <property name="java.runtime.name" value="Java(TM) SE Runtime Environment"/>
    <property name="sun.boot.library.path" value="/usr/lib/jvm/java-8-oracle/jre/lib/i386"/>
    <property name="java.vm.version" value="25.131-b11"/>
    <property name="java.vm.vendor" value="Oracle Corporation"/>
    <property name="maven.multiModuleProjectDirectory" value="/home/testautomatisering/git6/librarytest/Selenidetest"/>
    <property name="java.vendor.url" value="http://java.oracle.com/"/>
    <property name="path.separator" value=":"/>
    <property name="guice.disable.misplaced.annotation.check" value="true"/>
    <property name="java.vm.name" value="Java HotSpot(TM) Client VM"/>
    <property name="file.encoding.pkg" value="sun.io"/>
    <property name="user.country" value="US"/>
    <property name="sun.java.launcher" value="SUN_STANDARD"/>
    <property name="sun.os.patch.level" value="unknown"/>
    <property name="test" value="se.nackademin.librarytest.SelenideTest"/>
    <property name="java.vm.specification.name" value="Java Virtual Machine Specification"/>
    <property name="user.dir" value="/home/testautomatisering/git6/librarytest/Selenidetest"/>
    <property name="java.runtime.version" value="1.8.0_131-b11"/>
    <property name="java.awt.graphicsenv" value="sun.awt.X11GraphicsEnvironment"/>
    <property name="java.endorsed.dirs" value="/usr/lib/jvm/java-8-oracle/jre/lib/endorsed"/>
    <property name="os.arch" value="i386"/>
    <property name="java.io.tmpdir" value="/tmp"/>
    <property name="line.separator" value="&#10;"/>
    <property name="java.vm.specification.vendor" value="Oracle Corporation"/>
    <property name="os.name" value="Linux"/>
    <property name="maven.ext.class.path" value="/home/testautomatisering/netbeans-8.2/java/maven-nblib/netbeans-eventspy.jar"/>
    <property name="classworlds.conf" value="/usr/share/maven/bin/m2.conf"/>
    <property name="sun.jnu.encoding" value="UTF-8"/>
    <property name="java.library.path" value="/usr/lib/jvm/java-8-oracle/jre/lib/amd64:/usr/lib/jvm/java-8-oracle/jre/lib/i386::/usr/java/packages/lib/i386:/lib:/usr/lib"/>
    <property name="java.specification.name" value="Java Platform API Specification"/>
    <property name="java.class.version" value="52.0"/>
    <property name="sun.management.compiler" value="HotSpot Client Compiler"/>
    <property name="os.version" value="4.4.0-78-generic"/>
    <property name="user.home" value="/home/testautomatisering"/>
    <property name="user.timezone" value="Europe/Stockholm"/>
    <property name="java.awt.printerjob" value="sun.print.PSPrinterJob"/>
    <property name="java.specification.version" value="1.8"/>
    <property name="file.encoding" value="UTF-8"/>
    <property name="user.name" value="testautomatisering"/>
    <property name="java.class.path" value="/usr/share/maven/boot/plexus-classworlds-2.x.jar"/>
    <property name="java.vm.specification.version" value="1.8"/>
    <property name="sun.arch.data.model" value="32"/>
    <property name="java.home" value="/usr/lib/jvm/java-8-oracle/jre"/>
    <property name="sun.java.command" value="org.codehaus.plexus.classworlds.launcher.Launcher -Dtest=se.nackademin.librarytest.SelenideTest -Dmaven.ext.class.path=/home/testautomatisering/netbeans-8.2/java/maven-nblib/netbeans-eventspy.jar surefire:test"/>
    <property name="java.specification.vendor" value="Oracle Corporation"/>
    <property name="user.language" value="en"/>
    <property name="awt.toolkit" value="sun.awt.X11.XToolkit"/>
    <property name="java.vm.info" value="mixed mode"/>
    <property name="java.version" value="1.8.0_131"/>
    <property name="java.ext.dirs" value="/usr/lib/jvm/java-8-oracle/jre/lib/ext:/usr/java/packages/lib/ext"/>
    <property name="securerandom.source" value="file:/dev/./urandom"/>
    <property name="sun.boot.class.path" value="/usr/lib/jvm/java-8-oracle/jre/lib/resources.jar:/usr/lib/jvm/java-8-oracle/jre/lib/rt.jar:/usr/lib/jvm/java-8-oracle/jre/lib/sunrsasign.jar:/usr/lib/jvm/java-8-oracle/jre/lib/jsse.jar:/usr/lib/jvm/java-8-oracle/jre/lib/jce.jar:/usr/lib/jvm/java-8-oracle/jre/lib/charsets.jar:/usr/lib/jvm/java-8-oracle/jre/lib/jfr.jar:/usr/lib/jvm/java-8-oracle/jre/classes"/>
    <property name="java.vendor" value="Oracle Corporation"/>
    <property name="maven.home" value="/usr/share/maven"/>
    <property name="file.separator" value="/"/>
    <property name="java.vendor.url.bug" value="http://bugreport.sun.com/bugreport/"/>
    <property name="sun.cpu.endian" value="little"/>
    <property name="sun.io.unicode.encoding" value="UnicodeLittle"/>
    <property name="sun.desktop" value="gnome"/>
    <property name="sun.cpu.isalist" value=""/>
  </properties>
  <testcase name="testAnonymousSiteBrowse" classname="se.nackademin.librarytest.SelenideTest" time="8.464"/>
  <testcase name="se.nackademin.librarytest.SelenideTest" classname="se.nackademin.librarytest.SelenideTest" time="32.614">
    <failure message="Element not found {#side-menu-link-my-profile}&#10;Expected: visible" type="com.codeborne.selenide.ex.ElementNotFound">com.codeborne.selenide.ex.ElementNotFound: Element not found {#side-menu-link-my-profile}
Expected: visible
	at sun.reflect.GeneratedConstructorAccessor12.newInstance(Unknown Source)
	at sun.reflect.DelegatingConstructorAccessorImpl.newInstance(DelegatingConstructorAccessorImpl.java:45)
	at java.lang.reflect.Constructor.newInstance(Constructor.java:423)
	at org.openqa.selenium.remote.ErrorHandler.createThrowable(ErrorHandler.java:206)
	at org.openqa.selenium.remote.ErrorHandler.throwIfResponseFailed(ErrorHandler.java:158)
	at org.openqa.selenium.remote.RemoteWebDriver.execute(RemoteWebDriver.java:678)
	at org.openqa.selenium.remote.RemoteWebDriver.findElement(RemoteWebDriver.java:363)
	at org.openqa.selenium.remote.RemoteWebDriver.findElementByCssSelector(RemoteWebDriver.java:492)
	at org.openqa.selenium.By$ByCssSelector.findElement(By.java:430)
	at org.openqa.selenium.remote.RemoteWebDriver.findElement(RemoteWebDriver.java:355)
	at com.codeborne.selenide.impl.WebElementSelector.findElement(WebElementSelector.java:28)
	at com.codeborne.selenide.impl.ElementFinder.getWebElement(ElementFinder.java:56)
	at com.codeborne.selenide.impl.WebElementSource.checkCondition(WebElementSource.java:44)
	at com.codeborne.selenide.impl.WebElementSource.findAndAssertElementIsVisible(WebElementSource.java:72)
	at com.codeborne.selenide.commands.Click.execute(Click.java:14)
	at com.codeborne.selenide.commands.Click.execute(Click.java:11)
	at com.codeborne.selenide.commands.Commands.execute(Commands.java:136)
	at com.codeborne.selenide.impl.SelenideElementProxy.dispatchAndRetry(SelenideElementProxy.java:82)
	at com.codeborne.selenide.impl.SelenideElementProxy.invoke(SelenideElementProxy.java:58)
	at com.sun.proxy.$Proxy9.click(Unknown Source)
	at se.nackademin.librarytest.pages.PageBase.clickButton(PageBase.java:21)
	at se.nackademin.librarytest.pages.MenuPage.navigateToMyProfile(MenuPage.java:59)
	at se.nackademin.librarytest.helpers.UserHelper.removeCurrentUserProfile(UserHelper.java:84)
	at se.nackademin.librarytest.helpers.PreparationHelper.RemoveDummyAuthorBookAndAdmin(PreparationHelper.java:47)
	at se.nackademin.librarytest.SelenideTest.RemoveDummyAuthorBookAndAdmin(SelenideTest.java:57)
</failure>
    <system-err><![CDATA[May 22, 2017 9:27:17 PM se.nackademin.librarytest.SelenideTest RemoveDummyAuthorBookAndAdmin
INFO: *** Starting to remove library dummies no longer needed ***
May 22, 2017 9:27:17 PM se.nackademin.librarytest.pages.PageBase clickButton
INFO: Clicking the sign in link
May 22, 2017 9:27:18 PM se.nackademin.librarytest.pages.PageBase setTextFieldValue
INFO: Setting username to aDummyUserDisplayName
May 22, 2017 9:27:18 PM se.nackademin.librarytest.pages.PageBase setTextFieldValue
INFO: Setting password to aDummyUserPassword
May 22, 2017 9:27:19 PM se.nackademin.librarytest.pages.PageBase clickButton
INFO: Clicking submit button
May 22, 2017 9:27:19 PM se.nackademin.librarytest.pages.PageBase clickButton
INFO: Clicking the browse books link
May 22, 2017 9:27:20 PM se.nackademin.librarytest.pages.PageBase setTextFieldValue
INFO: Setting title field to dummyTestTitle
May 22, 2017 9:27:20 PM se.nackademin.librarytest.pages.PageBase clickButton
INFO: Clicking search button
May 22, 2017 9:27:21 PM se.nackademin.librarytest.pages.PageBase clickButton
INFO: Clicking delete book button
May 22, 2017 9:27:22 PM se.nackademin.librarytest.pages.PageBase clickButton
INFO: Clicking yes button
May 22, 2017 9:27:23 PM se.nackademin.librarytest.pages.MenuPage navigateToAuthor
INFO: Navigating to the authorpage for author named: dummyAuthorFirstName dummyAuthorLastName
May 22, 2017 9:27:23 PM se.nackademin.librarytest.pages.PageBase clickButton
INFO: Clicking the browse authors link
May 22, 2017 9:27:27 PM se.nackademin.librarytest.pages.PageBase setTextFieldValue
INFO: Setting name field to dummyAuthorFirstName dummyAuthorLastName
May 22, 2017 9:27:29 PM se.nackademin.librarytest.pages.PageBase clickButton
INFO: Clicking search button
May 22, 2017 9:27:31 PM se.nackademin.librarytest.pages.PageBase clickButton
INFO: Clicking delete author button
May 22, 2017 9:27:33 PM se.nackademin.librarytest.pages.PageBase clickButton
INFO: Clicking yes button
May 22, 2017 9:27:35 PM se.nackademin.librarytest.pages.PageBase clickButton
INFO: Clicking the my profile link
]]></system-err>
  </testcase>
</testsuite>